2023-10-31 21:39:40.165 +01:00 [Information] User profile is available. Using '"/Users/teresapham/.aspnet/DataProtection-Keys"' as key repository; keys will not be encrypted at rest.
2023-10-31 21:39:41.099 +01:00 [Information] Now listening on: "https://localhost:7193"
2023-10-31 21:39:41.100 +01:00 [Information] Now listening on: "http://localhost:5135"
2023-10-31 21:39:41.102 +01:00 [Information] Application started. Press Ctrl+C to shut down.
2023-10-31 21:39:41.103 +01:00 [Information] Hosting environment: "Development"
2023-10-31 21:39:41.103 +01:00 [Information] Content root path: "/Users/teresapham/Library/CloudStorage/OneDrive-OsloMet/ITPE3200/GroupProject/Group-Project-1/Group-Project-1"
2023-10-31 21:39:42.499 +01:00 [Information] Request starting HTTP/1.1 GET https://localhost:7193/ - -
2023-10-31 21:39:42.527 +01:00 [Information] Executing endpoint '"Group_Project_1.Controllers.HomeController.Index (Group-Project-1)"'
2023-10-31 21:39:42.530 +01:00 [Information] Route matched with "{action = \"Index\", controller = \"Home\", page = \"\", area = \"\"}". Executing controller action with signature "Microsoft.AspNetCore.Mvc.IActionResult Index()" on controller "Group_Project_1.Controllers.HomeController" ("Group-Project-1").
2023-10-31 21:39:42.535 +01:00 [Information] Executing ViewResult, running view "Index".
2023-10-31 21:39:42.606 +01:00 [Information] Executed ViewResult - view "Index" executed in 72.3848ms.
2023-10-31 21:39:42.607 +01:00 [Information] Executed action "Group_Project_1.Controllers.HomeController.Index (Group-Project-1)" in 76.0873ms
2023-10-31 21:39:42.607 +01:00 [Information] Executed endpoint '"Group_Project_1.Controllers.HomeController.Index (Group-Project-1)"'
2023-10-31 21:39:42.609 +01:00 [Information] Request finished HTTP/1.1 GET https://localhost:7193/ - - - 200 - text/html;+charset=utf-8 110.6577ms
2023-10-31 21:39:42.666 +01:00 [Information] Request starting HTTP/1.1 GET https://localhost:7193/css/site.css - -
2023-10-31 21:39:42.673 +01:00 [Information] Request finished HTTP/1.1 GET https://localhost:7193/css/site.css - - - 404 0 - 6.2500ms
2023-10-31 21:40:10.742 +01:00 [Information] Request starting HTTP/1.1 GET https://localhost:7193/ - -
2023-10-31 21:40:10.749 +01:00 [Information] Executing endpoint '"Group_Project_1.Controllers.HomeController.Index (Group-Project-1)"'
2023-10-31 21:40:10.750 +01:00 [Information] Route matched with "{action = \"Index\", controller = \"Home\", page = \"\", area = \"\"}". Executing controller action with signature "Microsoft.AspNetCore.Mvc.IActionResult Index()" on controller "Group_Project_1.Controllers.HomeController" ("Group-Project-1").
2023-10-31 21:40:10.752 +01:00 [Information] Executing ViewResult, running view "Index".
2023-10-31 21:40:10.769 +01:00 [Information] Executed ViewResult - view "Index" executed in 17.4887ms.
2023-10-31 21:40:10.769 +01:00 [Information] Executed action "Group_Project_1.Controllers.HomeController.Index (Group-Project-1)" in 18.5654ms
2023-10-31 21:40:10.769 +01:00 [Information] Executed endpoint '"Group_Project_1.Controllers.HomeController.Index (Group-Project-1)"'
2023-10-31 21:40:10.769 +01:00 [Information] Request finished HTTP/1.1 GET https://localhost:7193/ - - - 200 - text/html;+charset=utf-8 27.9838ms
2023-10-31 21:40:10.825 +01:00 [Information] Request starting HTTP/1.1 GET https://localhost:7193/css/site.css - -
2023-10-31 21:40:10.828 +01:00 [Information] Request finished HTTP/1.1 GET https://localhost:7193/css/site.css - - - 404 0 - 2.2496ms
2023-10-31 21:40:15.811 +01:00 [Information] Request starting HTTP/1.1 GET https://localhost:7193/House/Grid - -
2023-10-31 21:40:15.837 +01:00 [Information] Executing endpoint '"Group_Project_1.Controllers.HouseController.Grid (Group-Project-1)"'
2023-10-31 21:40:15.849 +01:00 [Information] Route matched with "{action = \"Grid\", controller = \"House\", page = \"\", area = \"\"}". Executing controller action with signature "System.Threading.Tasks.Task`1[Microsoft.AspNetCore.Mvc.IActionResult] Grid()" on controller "Group_Project_1.Controllers.HouseController" ("Group-Project-1").
2023-10-31 21:40:15.934 +01:00 [Information] Executing ViewResult, running view "Grid".
2023-10-31 21:40:16.023 +01:00 [Information] Executed ViewResult - view "Grid" executed in 90.129ms.
2023-10-31 21:40:16.024 +01:00 [Information] Executed action "Group_Project_1.Controllers.HouseController.Grid (Group-Project-1)" in 174.608ms
2023-10-31 21:40:16.024 +01:00 [Information] Executed endpoint '"Group_Project_1.Controllers.HouseController.Grid (Group-Project-1)"'
2023-10-31 21:40:16.025 +01:00 [Information] Request finished HTTP/1.1 GET https://localhost:7193/House/Grid - - - 200 - text/html;+charset=utf-8 214.5289ms
2023-10-31 21:40:16.049 +01:00 [Information] Request starting HTTP/1.1 GET https://localhost:7193/css/site.css - -
2023-10-31 21:40:16.051 +01:00 [Information] Request finished HTTP/1.1 GET https://localhost:7193/css/site.css - - - 404 0 - 2.3282ms
