2024-01-13 16:03:20.235 +01:00 [Information] User profile is available. Using '"/Users/teresapham/.aspnet/DataProtection-Keys"' as key repository; keys will not be encrypted at rest.
2024-01-13 16:03:21.900 +01:00 [Information] Now listening on: "https://localhost:7193"
2024-01-13 16:03:21.901 +01:00 [Information] Now listening on: "http://localhost:5135"
2024-01-13 16:03:21.903 +01:00 [Information] Application started. Press Ctrl+C to shut down.
2024-01-13 16:03:21.904 +01:00 [Information] Hosting environment: "Development"
2024-01-13 16:03:21.904 +01:00 [Information] Content root path: "/Users/teresapham/Library/CloudStorage/OneDrive-OsloMet/5. semester/ITPE3200/GroupProject/Group-Project-1/Group-Project-1"
2024-01-13 16:03:23.656 +01:00 [Information] Request starting HTTP/1.1 GET https://localhost:7193/ - -
2024-01-13 16:03:23.680 +01:00 [Information] Executing endpoint '"Group_Project_1.Controllers.HomeController.Index (Group-Project-1)"'
2024-01-13 16:03:23.683 +01:00 [Information] Route matched with "{action = \"Index\", controller = \"Home\", page = \"\", area = \"\"}". Executing controller action with signature "Microsoft.AspNetCore.Mvc.IActionResult Index()" on controller "Group_Project_1.Controllers.HomeController" ("Group-Project-1").
2024-01-13 16:03:23.688 +01:00 [Information] Executing ViewResult, running view "Index".
2024-01-13 16:03:23.810 +01:00 [Information] Executed ViewResult - view "Index" executed in 123.2846ms.
2024-01-13 16:03:23.810 +01:00 [Information] Executed action "Group_Project_1.Controllers.HomeController.Index (Group-Project-1)" in 126.4851ms
2024-01-13 16:03:23.810 +01:00 [Information] Executed endpoint '"Group_Project_1.Controllers.HomeController.Index (Group-Project-1)"'
2024-01-13 16:03:23.812 +01:00 [Information] Request finished HTTP/1.1 GET https://localhost:7193/ - - - 200 - text/html;+charset=utf-8 158.0920ms
2024-01-13 16:03:24.074 +01:00 [Information] Request starting HTTP/1.1 GET https://localhost:7193/css/site.css - -
2024-01-13 16:03:24.080 +01:00 [Information] Request finished HTTP/1.1 GET https://localhost:7193/css/site.css - - - 404 0 - 5.0992ms
2024-01-13 16:03:24.105 +01:00 [Information] Request starting HTTP/1.1 GET https://localhost:7193/lib/jquery-validate/jquery.validate.js - -
2024-01-13 16:03:24.312 +01:00 [Information] Request starting HTTP/1.1 GET https://localhost:7193/lib/jquery/jquery.js - -
2024-01-13 16:03:24.313 +01:00 [Information] Request starting HTTP/1.1 GET https://localhost:7193/lib/bootstrap/js/bootstrap.js - -
2024-01-13 16:03:24.312 +01:00 [Information] Request starting HTTP/1.1 GET https://localhost:7193/Group-Project-1.styles.css?v=PZQCFtmaDlHq19U5F58ZYNmyx7Hn1QaNw8kVskgLbVA - -
2024-01-13 16:03:24.362 +01:00 [Information] Request starting HTTP/1.1 GET https://localhost:7193/lib/jquery-validation-unobtrusive/jquery.validate.unobtrusive.js - -
2024-01-13 16:03:24.370 +01:00 [Information] Sending file. Request path: '"/Group-Project-1.styles.css"'. Physical path: '"/Users/teresapham/Library/CloudStorage/OneDrive-OsloMet/5. semester/ITPE3200/GroupProject/Group-Project-1/Group-Project-1/obj/Debug/net6.0/scopedcss/bundle/Group-Project-1.styles.css"'
2024-01-13 16:03:24.370 +01:00 [Information] Sending file. Request path: '"/lib/jquery-validate/jquery.validate.js"'. Physical path: '"/Users/teresapham/Library/CloudStorage/OneDrive-OsloMet/5. semester/ITPE3200/GroupProject/Group-Project-1/Group-Project-1/wwwroot/lib/jquery-validate/jquery.validate.js"'
2024-01-13 16:03:24.370 +01:00 [Information] Request finished HTTP/1.1 GET https://localhost:7193/Group-Project-1.styles.css?v=PZQCFtmaDlHq19U5F58ZYNmyx7Hn1QaNw8kVskgLbVA - - - 200 868 text/css 83.3343ms
2024-01-13 16:03:24.370 +01:00 [Information] Request finished HTTP/1.1 GET https://localhost:7193/lib/jquery-validate/jquery.validate.js - - - 200 52142 text/javascript 264.9656ms
2024-01-13 16:03:24.568 +01:00 [Information] Sending file. Request path: '"/lib/bootstrap/js/bootstrap.js"'. Physical path: '"/Users/teresapham/Library/CloudStorage/OneDrive-OsloMet/5. semester/ITPE3200/GroupProject/Group-Project-1/Group-Project-1/wwwroot/lib/bootstrap/js/bootstrap.js"'
2024-01-13 16:03:24.568 +01:00 [Information] Request finished HTTP/1.1 GET https://localhost:7193/lib/bootstrap/js/bootstrap.js - - - 200 145313 text/javascript 255.2893ms
2024-01-13 16:03:24.573 +01:00 [Information] Sending file. Request path: '"/lib/jquery/jquery.js"'. Physical path: '"/Users/teresapham/Library/CloudStorage/OneDrive-OsloMet/5. semester/ITPE3200/GroupProject/Group-Project-1/Group-Project-1/wwwroot/lib/jquery/jquery.js"'
2024-01-13 16:03:24.573 +01:00 [Information] Request finished HTTP/1.1 GET https://localhost:7193/lib/jquery/jquery.js - - - 200 285314 text/javascript 260.6049ms
2024-01-13 16:03:24.586 +01:00 [Information] Sending file. Request path: '"/lib/jquery-validation-unobtrusive/jquery.validate.unobtrusive.js"'. Physical path: '"/Users/teresapham/Library/CloudStorage/OneDrive-OsloMet/5. semester/ITPE3200/GroupProject/Group-Project-1/Group-Project-1/wwwroot/lib/jquery-validation-unobtrusive/jquery.validate.unobtrusive.js"'
2024-01-13 16:03:24.586 +01:00 [Information] Request finished HTTP/1.1 GET https://localhost:7193/lib/jquery-validation-unobtrusive/jquery.validate.unobtrusive.js - - - 200 19385 text/javascript 223.9433ms
2024-01-13 16:03:26.059 +01:00 [Information] Request starting HTTP/1.1 GET https://localhost:7193/favicon.ico - -
2024-01-13 16:03:26.062 +01:00 [Information] Request finished HTTP/1.1 GET https://localhost:7193/favicon.ico - - - 404 0 - 2.4947ms
2024-01-13 16:03:26.106 +01:00 [Information] Request starting HTTP/1.1 GET https://localhost:7193/apple-touch-icon-precomposed.png - -
2024-01-13 16:03:26.106 +01:00 [Information] Request finished HTTP/1.1 GET https://localhost:7193/apple-touch-icon-precomposed.png - - - 404 0 - 0.4747ms
2024-01-13 16:03:26.107 +01:00 [Information] Request starting HTTP/1.1 GET https://localhost:7193/apple-touch-icon.png - -
2024-01-13 16:03:26.108 +01:00 [Information] Request finished HTTP/1.1 GET https://localhost:7193/apple-touch-icon.png - - - 404 0 - 0.1885ms
2024-01-13 16:03:32.769 +01:00 [Information] Request starting HTTP/1.1 GET https://localhost:7193/House/Grid - -
2024-01-13 16:03:32.775 +01:00 [Information] Executing endpoint '"Group_Project_1.Controllers.HouseController.Grid (Group-Project-1)"'
2024-01-13 16:03:32.784 +01:00 [Information] Route matched with "{action = \"Grid\", controller = \"House\", page = \"\", area = \"\"}". Executing controller action with signature "System.Threading.Tasks.Task`1[Microsoft.AspNetCore.Mvc.IActionResult] Grid()" on controller "Group_Project_1.Controllers.HouseController" ("Group-Project-1").
2024-01-13 16:03:32.869 +01:00 [Information] Executing ViewResult, running view "Grid".
2024-01-13 16:03:32.957 +01:00 [Information] Executed ViewResult - view "Grid" executed in 88.5948ms.
2024-01-13 16:03:32.957 +01:00 [Information] Executed action "Group_Project_1.Controllers.HouseController.Grid (Group-Project-1)" in 172.7415ms
2024-01-13 16:03:32.957 +01:00 [Information] Executed endpoint '"Group_Project_1.Controllers.HouseController.Grid (Group-Project-1)"'
2024-01-13 16:03:32.959 +01:00 [Information] Request finished HTTP/1.1 GET https://localhost:7193/House/Grid - - - 200 - text/html;+charset=utf-8 191.5924ms
2024-01-13 16:03:32.985 +01:00 [Information] Request starting HTTP/1.1 GET https://localhost:7193/css/site.css - -
2024-01-13 16:03:32.986 +01:00 [Information] Request finished HTTP/1.1 GET https://localhost:7193/css/site.css - - - 404 0 - 0.7200ms
2024-01-13 16:03:40.992 +01:00 [Information] Request starting HTTP/1.1 GET https://localhost:7193/House/Details/1 - -
2024-01-13 16:03:41.005 +01:00 [Information] Executing endpoint '"Group_Project_1.Controllers.HouseController.Details (Group-Project-1)"'
2024-01-13 16:03:41.018 +01:00 [Information] Route matched with "{action = \"Details\", controller = \"House\", page = \"\", area = \"\"}". Executing controller action with signature "System.Threading.Tasks.Task`1[Microsoft.AspNetCore.Mvc.IActionResult] Details(Int32)" on controller "Group_Project_1.Controllers.HouseController" ("Group-Project-1").
2024-01-13 16:03:41.072 +01:00 [Information] Executing ViewResult, running view "Details".
2024-01-13 16:03:41.083 +01:00 [Information] Executed ViewResult - view "Details" executed in 11.1507ms.
2024-01-13 16:03:41.083 +01:00 [Information] Executed action "Group_Project_1.Controllers.HouseController.Details (Group-Project-1)" in 64.4036ms
2024-01-13 16:03:41.083 +01:00 [Information] Executed endpoint '"Group_Project_1.Controllers.HouseController.Details (Group-Project-1)"'
2024-01-13 16:03:41.083 +01:00 [Information] Request finished HTTP/1.1 GET https://localhost:7193/House/Details/1 - - - 200 - text/html;+charset=utf-8 95.3972ms
2024-01-13 16:03:41.121 +01:00 [Information] Request starting HTTP/1.1 GET https://localhost:7193/css/site.css - -
2024-01-13 16:03:41.123 +01:00 [Information] Request finished HTTP/1.1 GET https://localhost:7193/css/site.css - - - 404 0 - 2.0936ms
2024-01-13 16:03:48.403 +01:00 [Information] Request starting HTTP/1.1 GET https://localhost:7193/House/Grid - -
2024-01-13 16:03:48.407 +01:00 [Information] Executing endpoint '"Group_Project_1.Controllers.HouseController.Grid (Group-Project-1)"'
2024-01-13 16:03:48.408 +01:00 [Information] Route matched with "{action = \"Grid\", controller = \"House\", page = \"\", area = \"\"}". Executing controller action with signature "System.Threading.Tasks.Task`1[Microsoft.AspNetCore.Mvc.IActionResult] Grid()" on controller "Group_Project_1.Controllers.HouseController" ("Group-Project-1").
2024-01-13 16:03:48.420 +01:00 [Information] Executing ViewResult, running view "Grid".
2024-01-13 16:03:48.439 +01:00 [Information] Executed ViewResult - view "Grid" executed in 19.2923ms.
2024-01-13 16:03:48.439 +01:00 [Information] Executed action "Group_Project_1.Controllers.HouseController.Grid (Group-Project-1)" in 31.0094ms
2024-01-13 16:03:48.439 +01:00 [Information] Executed endpoint '"Group_Project_1.Controllers.HouseController.Grid (Group-Project-1)"'
2024-01-13 16:03:48.440 +01:00 [Information] Request finished HTTP/1.1 GET https://localhost:7193/House/Grid - - - 200 - text/html;+charset=utf-8 37.4460ms
2024-01-13 16:03:48.468 +01:00 [Information] Request starting HTTP/1.1 GET https://localhost:7193/css/site.css - -
2024-01-13 16:03:48.472 +01:00 [Information] Request finished HTTP/1.1 GET https://localhost:7193/css/site.css - - - 404 0 - 3.3248ms
2024-01-13 16:03:49.916 +01:00 [Information] Request starting HTTP/1.1 GET https://localhost:7193/Reservation/CreateReservationFromId?houseId=2 - -
2024-01-13 16:03:49.925 +01:00 [Information] Authorization failed. "These requirements were not met:
RolesAuthorizationRequirement:User.IsInRole must be true for one of the following roles: (Tenant|Host)"
2024-01-13 16:03:49.937 +01:00 [Information] AuthenticationScheme: "Identity.Application" was challenged.
2024-01-13 16:03:49.937 +01:00 [Information] Request finished HTTP/1.1 GET https://localhost:7193/Reservation/CreateReservationFromId?houseId=2 - - - 302 0 - 21.0212ms
2024-01-13 16:03:49.956 +01:00 [Information] Request starting HTTP/1.1 GET https://localhost:7193/Identity/Account/Login?ReturnUrl=%2FReservation%2FCreateReservationFromId%3FhouseId%3D2 - -
2024-01-13 16:03:49.958 +01:00 [Information] Executing endpoint '"/Account/Login"'
2024-01-13 16:03:49.979 +01:00 [Information] Route matched with "{page = \"/Account/Login\", area = \"Identity\", action = \"\", controller = \"\"}". Executing page "/Account/Login"
2024-01-13 16:03:49.991 +01:00 [Information] Executing handler method "Group_Project_1.Areas.Identity.Pages.Account.LoginModel.OnGetAsync" - ModelState is Valid
2024-01-13 16:03:49.996 +01:00 [Information] AuthenticationScheme: "Identity.External" signed out.
2024-01-13 16:03:49.997 +01:00 [Information] Executed handler method "OnGetAsync", returned result "".
2024-01-13 16:03:49.999 +01:00 [Information] Executing an implicit handler method - ModelState is Valid
2024-01-13 16:03:49.999 +01:00 [Information] Executed an implicit handler method, returned result "Microsoft.AspNetCore.Mvc.RazorPages.PageResult".
2024-01-13 16:03:50.031 +01:00 [Information] Executed page "/Account/Login" in 51.1776ms
2024-01-13 16:03:50.032 +01:00 [Information] Executed endpoint '"/Account/Login"'
2024-01-13 16:03:50.032 +01:00 [Information] Request finished HTTP/1.1 GET https://localhost:7193/Identity/Account/Login?ReturnUrl=%2FReservation%2FCreateReservationFromId%3FhouseId%3D2 - - - 200 - text/html;+charset=utf-8 75.8990ms
2024-01-13 16:03:50.059 +01:00 [Information] Request starting HTTP/1.1 GET https://localhost:7193/css/site.css - -
2024-01-13 16:03:50.060 +01:00 [Information] Request finished HTTP/1.1 GET https://localhost:7193/css/site.css - - - 404 0 - 1.1831ms
2024-01-13 16:03:50.074 +01:00 [Information] Request starting HTTP/1.1 GET https://localhost:7193/Identity/lib/jquery-validation/dist/jquery.validate.js - -
2024-01-13 16:03:50.076 +01:00 [Information] Sending file. Request path: '"/Identity/lib/jquery-validation/dist/jquery.validate.js"'. Physical path: '"/Users/teresapham/.nuget/packages/microsoft.aspnetcore.identity.ui/6.0.22/staticwebassets/V5/lib/jquery-validation/dist/jquery.validate.js"'
2024-01-13 16:03:50.076 +01:00 [Information] Request finished HTTP/1.1 GET https://localhost:7193/Identity/lib/jquery-validation/dist/jquery.validate.js - - - 200 48676 text/javascript 2.0610ms
2024-01-13 16:03:50.077 +01:00 [Information] Request starting HTTP/1.1 GET https://localhost:7193/Identity/lib/jquery-validation-unobtrusive/jquery.validate.unobtrusive.js - -
2024-01-13 16:03:50.079 +01:00 [Information] Sending file. Request path: '"/Identity/lib/jquery-validation-unobtrusive/jquery.validate.unobtrusive.js"'. Physical path: '"/Users/teresapham/.nuget/packages/microsoft.aspnetcore.identity.ui/6.0.22/staticwebassets/V5/lib/jquery-validation-unobtrusive/jquery.validate.unobtrusive.js"'
2024-01-13 16:03:50.080 +01:00 [Information] Request finished HTTP/1.1 GET https://localhost:7193/Identity/lib/jquery-validation-unobtrusive/jquery.validate.unobtrusive.js - - - 200 19366 text/javascript 2.5227ms
2024-01-13 16:05:05.261 +01:00 [Information] Request starting HTTP/1.1 GET https://localhost:7193/House/Grid - -
2024-01-13 16:05:05.270 +01:00 [Information] Executing endpoint '"Group_Project_1.Controllers.HouseController.Grid (Group-Project-1)"'
2024-01-13 16:05:05.272 +01:00 [Information] Route matched with "{action = \"Grid\", controller = \"House\", page = \"\", area = \"\"}". Executing controller action with signature "System.Threading.Tasks.Task`1[Microsoft.AspNetCore.Mvc.IActionResult] Grid()" on controller "Group_Project_1.Controllers.HouseController" ("Group-Project-1").
2024-01-13 16:05:05.285 +01:00 [Information] Executing ViewResult, running view "Grid".
2024-01-13 16:05:05.302 +01:00 [Information] Executed ViewResult - view "Grid" executed in 17.9882ms.
2024-01-13 16:05:05.303 +01:00 [Information] Executed action "Group_Project_1.Controllers.HouseController.Grid (Group-Project-1)" in 30.0272ms
2024-01-13 16:05:05.303 +01:00 [Information] Executed endpoint '"Group_Project_1.Controllers.HouseController.Grid (Group-Project-1)"'
2024-01-13 16:05:05.303 +01:00 [Information] Request finished HTTP/1.1 GET https://localhost:7193/House/Grid - - - 200 - text/html;+charset=utf-8 42.6890ms
2024-01-13 16:05:05.403 +01:00 [Information] Request starting HTTP/1.1 GET https://localhost:7193/css/site.css - -
2024-01-13 16:05:05.404 +01:00 [Information] Request finished HTTP/1.1 GET https://localhost:7193/css/site.css - - - 404 0 - 0.8047ms
2024-01-13 16:05:06.618 +01:00 [Information] Request starting HTTP/1.1 GET https://localhost:7193/House/Grid - -
2024-01-13 16:05:06.619 +01:00 [Information] Executing endpoint '"Group_Project_1.Controllers.HouseController.Grid (Group-Project-1)"'
2024-01-13 16:05:06.619 +01:00 [Information] Route matched with "{action = \"Grid\", controller = \"House\", page = \"\", area = \"\"}". Executing controller action with signature "System.Threading.Tasks.Task`1[Microsoft.AspNetCore.Mvc.IActionResult] Grid()" on controller "Group_Project_1.Controllers.HouseController" ("Group-Project-1").
2024-01-13 16:05:06.623 +01:00 [Information] Executing ViewResult, running view "Grid".
2024-01-13 16:05:06.637 +01:00 [Information] Executed ViewResult - view "Grid" executed in 13.8103ms.
2024-01-13 16:05:06.637 +01:00 [Information] Executed action "Group_Project_1.Controllers.HouseController.Grid (Group-Project-1)" in 17.8043ms
2024-01-13 16:05:06.637 +01:00 [Information] Executed endpoint '"Group_Project_1.Controllers.HouseController.Grid (Group-Project-1)"'
2024-01-13 16:05:06.637 +01:00 [Information] Request finished HTTP/1.1 GET https://localhost:7193/House/Grid - - - 200 - text/html;+charset=utf-8 18.8092ms
2024-01-13 16:05:06.669 +01:00 [Information] Request starting HTTP/1.1 GET https://localhost:7193/css/site.css - -
2024-01-13 16:05:06.669 +01:00 [Information] Request finished HTTP/1.1 GET https://localhost:7193/css/site.css - - - 404 0 - 0.4598ms
2024-01-13 16:05:17.406 +01:00 [Information] Request starting HTTP/1.1 GET https://localhost:7193/House/Grid - -
2024-01-13 16:05:17.410 +01:00 [Information] Executing endpoint '"Group_Project_1.Controllers.HouseController.Grid (Group-Project-1)"'
2024-01-13 16:05:17.411 +01:00 [Information] Route matched with "{action = \"Grid\", controller = \"House\", page = \"\", area = \"\"}". Executing controller action with signature "System.Threading.Tasks.Task`1[Microsoft.AspNetCore.Mvc.IActionResult] Grid()" on controller "Group_Project_1.Controllers.HouseController" ("Group-Project-1").
2024-01-13 16:05:17.447 +01:00 [Information] Executing ViewResult, running view "Grid".
2024-01-13 16:05:17.474 +01:00 [Information] Executed ViewResult - view "Grid" executed in 27.6896ms.
2024-01-13 16:05:17.474 +01:00 [Information] Executed action "Group_Project_1.Controllers.HouseController.Grid (Group-Project-1)" in 62.2684ms
2024-01-13 16:05:17.474 +01:00 [Information] Executed endpoint '"Group_Project_1.Controllers.HouseController.Grid (Group-Project-1)"'
2024-01-13 16:05:17.474 +01:00 [Information] Request finished HTTP/1.1 GET https://localhost:7193/House/Grid - - - 200 - text/html;+charset=utf-8 68.5114ms
2024-01-13 16:05:17.506 +01:00 [Information] Request starting HTTP/1.1 GET https://localhost:7193/css/site.css - -
2024-01-13 16:05:17.506 +01:00 [Information] Request finished HTTP/1.1 GET https://localhost:7193/css/site.css - - - 404 0 - 0.6076ms
2024-01-13 16:05:18.934 +01:00 [Information] Request starting HTTP/1.1 GET https://localhost:7193/House/Grid - -
2024-01-13 16:05:18.935 +01:00 [Information] Executing endpoint '"Group_Project_1.Controllers.HouseController.Grid (Group-Project-1)"'
2024-01-13 16:05:18.935 +01:00 [Information] Route matched with "{action = \"Grid\", controller = \"House\", page = \"\", area = \"\"}". Executing controller action with signature "System.Threading.Tasks.Task`1[Microsoft.AspNetCore.Mvc.IActionResult] Grid()" on controller "Group_Project_1.Controllers.HouseController" ("Group-Project-1").
2024-01-13 16:05:18.940 +01:00 [Information] Executing ViewResult, running view "Grid".
2024-01-13 16:05:18.956 +01:00 [Information] Executed ViewResult - view "Grid" executed in 15.7703ms.
2024-01-13 16:05:18.956 +01:00 [Information] Executed action "Group_Project_1.Controllers.HouseController.Grid (Group-Project-1)" in 21.2186ms
2024-01-13 16:05:18.956 +01:00 [Information] Executed endpoint '"Group_Project_1.Controllers.HouseController.Grid (Group-Project-1)"'
2024-01-13 16:05:18.957 +01:00 [Information] Request finished HTTP/1.1 GET https://localhost:7193/House/Grid - - - 200 - text/html;+charset=utf-8 22.2928ms
2024-01-13 16:05:19.039 +01:00 [Information] Request starting HTTP/1.1 GET https://localhost:7193/css/site.css - -
2024-01-13 16:05:19.040 +01:00 [Information] Request finished HTTP/1.1 GET https://localhost:7193/css/site.css - - - 404 0 - 0.4817ms
2024-01-13 16:05:42.788 +01:00 [Information] Request starting HTTP/1.1 GET https://localhost:7193/House/Grid - -
2024-01-13 16:05:42.793 +01:00 [Information] Executing endpoint '"Group_Project_1.Controllers.HouseController.Grid (Group-Project-1)"'
2024-01-13 16:05:42.794 +01:00 [Information] Route matched with "{action = \"Grid\", controller = \"House\", page = \"\", area = \"\"}". Executing controller action with signature "System.Threading.Tasks.Task`1[Microsoft.AspNetCore.Mvc.IActionResult] Grid()" on controller "Group_Project_1.Controllers.HouseController" ("Group-Project-1").
2024-01-13 16:05:42.816 +01:00 [Information] Executing ViewResult, running view "Grid".
2024-01-13 16:05:42.834 +01:00 [Information] Executed ViewResult - view "Grid" executed in 18.61ms.
2024-01-13 16:05:42.834 +01:00 [Information] Executed action "Group_Project_1.Controllers.HouseController.Grid (Group-Project-1)" in 40.0495ms
2024-01-13 16:05:42.834 +01:00 [Information] Executed endpoint '"Group_Project_1.Controllers.HouseController.Grid (Group-Project-1)"'
2024-01-13 16:05:42.834 +01:00 [Information] Request finished HTTP/1.1 GET https://localhost:7193/House/Grid - - - 200 - text/html;+charset=utf-8 47.3651ms
2024-01-13 16:05:42.870 +01:00 [Information] Request starting HTTP/1.1 GET https://localhost:7193/css/site.css - -
2024-01-13 16:05:42.871 +01:00 [Information] Request finished HTTP/1.1 GET https://localhost:7193/css/site.css - - - 404 0 - 0.6164ms
2024-01-13 16:05:50.159 +01:00 [Information] Request starting HTTP/1.1 GET https://localhost:7193/House/Grid - -
2024-01-13 16:05:50.164 +01:00 [Information] Executing endpoint '"Group_Project_1.Controllers.HouseController.Grid (Group-Project-1)"'
2024-01-13 16:05:50.165 +01:00 [Information] Route matched with "{action = \"Grid\", controller = \"House\", page = \"\", area = \"\"}". Executing controller action with signature "System.Threading.Tasks.Task`1[Microsoft.AspNetCore.Mvc.IActionResult] Grid()" on controller "Group_Project_1.Controllers.HouseController" ("Group-Project-1").
2024-01-13 16:05:50.175 +01:00 [Information] Executing ViewResult, running view "Grid".
2024-01-13 16:05:50.209 +01:00 [Information] Executed ViewResult - view "Grid" executed in 34.0215ms.
2024-01-13 16:05:50.209 +01:00 [Information] Executed action "Group_Project_1.Controllers.HouseController.Grid (Group-Project-1)" in 43.5363ms
2024-01-13 16:05:50.209 +01:00 [Information] Executed endpoint '"Group_Project_1.Controllers.HouseController.Grid (Group-Project-1)"'
2024-01-13 16:05:50.209 +01:00 [Information] Request finished HTTP/1.1 GET https://localhost:7193/House/Grid - - - 200 - text/html;+charset=utf-8 51.0401ms
2024-01-13 16:05:50.239 +01:00 [Information] Request starting HTTP/1.1 GET https://localhost:7193/css/site.css - -
2024-01-13 16:05:50.239 +01:00 [Information] Request finished HTTP/1.1 GET https://localhost:7193/css/site.css - - - 404 0 - 0.5852ms
2024-01-13 16:06:25.799 +01:00 [Information] Request starting HTTP/1.1 GET https://localhost:7193/House/Table - -
2024-01-13 16:06:25.802 +01:00 [Information] Executing endpoint '"Group_Project_1.Controllers.HouseController.Table (Group-Project-1)"'
2024-01-13 16:06:25.811 +01:00 [Information] Route matched with "{action = \"Table\", controller = \"House\", page = \"\", area = \"\"}". Executing controller action with signature "System.Threading.Tasks.Task`1[Microsoft.AspNetCore.Mvc.IActionResult] Table()" on controller "Group_Project_1.Controllers.HouseController" ("Group-Project-1").
2024-01-13 16:06:25.824 +01:00 [Information] Executing ViewResult, running view "Table".
2024-01-13 16:06:25.854 +01:00 [Information] Executed ViewResult - view "Table" executed in 32.1105ms.
2024-01-13 16:06:25.854 +01:00 [Information] Executed action "Group_Project_1.Controllers.HouseController.Table (Group-Project-1)" in 43.0999ms
2024-01-13 16:06:25.854 +01:00 [Information] Executed endpoint '"Group_Project_1.Controllers.HouseController.Table (Group-Project-1)"'
2024-01-13 16:06:25.854 +01:00 [Information] Request finished HTTP/1.1 GET https://localhost:7193/House/Table - - - 200 - text/html;+charset=utf-8 55.4130ms
2024-01-13 16:06:25.890 +01:00 [Information] Request starting HTTP/1.1 GET https://localhost:7193/css/site.css - -
2024-01-13 16:06:25.896 +01:00 [Information] Request finished HTTP/1.1 GET https://localhost:7193/css/site.css - - - 404 0 - 5.2825ms
2024-01-13 16:06:28.246 +01:00 [Information] Request starting HTTP/1.1 GET https://localhost:7193/House/Details/1 - -
2024-01-13 16:06:28.247 +01:00 [Information] Executing endpoint '"Group_Project_1.Controllers.HouseController.Details (Group-Project-1)"'
2024-01-13 16:06:28.247 +01:00 [Information] Route matched with "{action = \"Details\", controller = \"House\", page = \"\", area = \"\"}". Executing controller action with signature "System.Threading.Tasks.Task`1[Microsoft.AspNetCore.Mvc.IActionResult] Details(Int32)" on controller "Group_Project_1.Controllers.HouseController" ("Group-Project-1").
2024-01-13 16:06:28.258 +01:00 [Information] Executing ViewResult, running view "Details".
2024-01-13 16:06:28.264 +01:00 [Information] Executed ViewResult - view "Details" executed in 6.4883ms.
2024-01-13 16:06:28.264 +01:00 [Information] Executed action "Group_Project_1.Controllers.HouseController.Details (Group-Project-1)" in 16.5931ms
2024-01-13 16:06:28.264 +01:00 [Information] Executed endpoint '"Group_Project_1.Controllers.HouseController.Details (Group-Project-1)"'
2024-01-13 16:06:28.264 +01:00 [Information] Request finished HTTP/1.1 GET https://localhost:7193/House/Details/1 - - - 200 - text/html;+charset=utf-8 18.0590ms
2024-01-13 16:06:28.296 +01:00 [Information] Request starting HTTP/1.1 GET https://localhost:7193/css/site.css - -
2024-01-13 16:06:28.391 +01:00 [Information] Request finished HTTP/1.1 GET https://localhost:7193/css/site.css - - - 404 0 - 94.4652ms
2024-01-13 16:06:30.469 +01:00 [Information] Request starting HTTP/1.1 GET https://localhost:7193/House/Grid - -
2024-01-13 16:06:30.473 +01:00 [Information] Executing endpoint '"Group_Project_1.Controllers.HouseController.Grid (Group-Project-1)"'
2024-01-13 16:06:30.474 +01:00 [Information] Route matched with "{action = \"Grid\", controller = \"House\", page = \"\", area = \"\"}". Executing controller action with signature "System.Threading.Tasks.Task`1[Microsoft.AspNetCore.Mvc.IActionResult] Grid()" on controller "Group_Project_1.Controllers.HouseController" ("Group-Project-1").
2024-01-13 16:06:30.486 +01:00 [Information] Executing ViewResult, running view "Grid".
2024-01-13 16:06:30.500 +01:00 [Information] Executed ViewResult - view "Grid" executed in 14.0696ms.
2024-01-13 16:06:30.500 +01:00 [Information] Executed action "Group_Project_1.Controllers.HouseController.Grid (Group-Project-1)" in 26.2092ms
2024-01-13 16:06:30.500 +01:00 [Information] Executed endpoint '"Group_Project_1.Controllers.HouseController.Grid (Group-Project-1)"'
2024-01-13 16:06:30.500 +01:00 [Information] Request finished HTTP/1.1 GET https://localhost:7193/House/Grid - - - 200 - text/html;+charset=utf-8 31.4606ms
2024-01-13 16:06:30.570 +01:00 [Information] Request starting HTTP/1.1 GET https://localhost:7193/css/site.css - -
2024-01-13 16:06:30.570 +01:00 [Information] Request finished HTTP/1.1 GET https://localhost:7193/css/site.css - - - 404 0 - 0.4900ms
2024-01-13 16:08:20.893 +01:00 [Information] Request starting HTTP/1.1 GET https://localhost:7193/House/Grid - -
2024-01-13 16:08:20.895 +01:00 [Information] Executing endpoint '"Group_Project_1.Controllers.HouseController.Grid (Group-Project-1)"'
2024-01-13 16:08:20.896 +01:00 [Information] Route matched with "{action = \"Grid\", controller = \"House\", page = \"\", area = \"\"}". Executing controller action with signature "System.Threading.Tasks.Task`1[Microsoft.AspNetCore.Mvc.IActionResult] Grid()" on controller "Group_Project_1.Controllers.HouseController" ("Group-Project-1").
2024-01-13 16:08:20.904 +01:00 [Information] Executing ViewResult, running view "Grid".
2024-01-13 16:08:20.917 +01:00 [Information] Executed ViewResult - view "Grid" executed in 13.0184ms.
2024-01-13 16:08:20.917 +01:00 [Information] Executed action "Group_Project_1.Controllers.HouseController.Grid (Group-Project-1)" in 20.9934ms
2024-01-13 16:08:20.917 +01:00 [Information] Executed endpoint '"Group_Project_1.Controllers.HouseController.Grid (Group-Project-1)"'
2024-01-13 16:08:20.917 +01:00 [Information] Request finished HTTP/1.1 GET https://localhost:7193/House/Grid - - - 200 - text/html;+charset=utf-8 24.6434ms
2024-01-13 16:08:20.955 +01:00 [Information] Request starting HTTP/1.1 GET https://localhost:7193/css/site.css - -
2024-01-13 16:08:20.956 +01:00 [Information] Request finished HTTP/1.1 GET https://localhost:7193/css/site.css - - - 404 0 - 0.9734ms
2024-01-13 16:08:28.972 +01:00 [Information] Request starting HTTP/1.1 GET https://localhost:7193/House/Grid - -
2024-01-13 16:08:29.001 +01:00 [Information] Executing endpoint '"Group_Project_1.Controllers.HouseController.Grid (Group-Project-1)"'
2024-01-13 16:08:29.006 +01:00 [Information] Route matched with "{action = \"Grid\", controller = \"House\", page = \"\", area = \"\"}". Executing controller action with signature "System.Threading.Tasks.Task`1[Microsoft.AspNetCore.Mvc.IActionResult] Grid()" on controller "Group_Project_1.Controllers.HouseController" ("Group-Project-1").
2024-01-13 16:08:29.015 +01:00 [Information] Executing ViewResult, running view "Grid".
2024-01-13 16:08:29.028 +01:00 [Information] Executed ViewResult - view "Grid" executed in 13.4716ms.
2024-01-13 16:08:29.028 +01:00 [Information] Executed action "Group_Project_1.Controllers.HouseController.Grid (Group-Project-1)" in 22.395ms
2024-01-13 16:08:29.028 +01:00 [Information] Executed endpoint '"Group_Project_1.Controllers.HouseController.Grid (Group-Project-1)"'
2024-01-13 16:08:29.029 +01:00 [Information] Request finished HTTP/1.1 GET https://localhost:7193/House/Grid - - - 200 - text/html;+charset=utf-8 56.8131ms
2024-01-13 16:08:29.341 +01:00 [Information] Request starting HTTP/1.1 GET https://localhost:7193/css/site.css - -
2024-01-13 16:08:29.341 +01:00 [Information] Request finished HTTP/1.1 GET https://localhost:7193/css/site.css - - - 404 0 - 0.5500ms
2024-01-13 16:08:42.030 +01:00 [Information] Request starting HTTP/1.1 GET https://localhost:7193/House/Grid - -
2024-01-13 16:08:42.034 +01:00 [Information] Executing endpoint '"Group_Project_1.Controllers.HouseController.Grid (Group-Project-1)"'
2024-01-13 16:08:42.036 +01:00 [Information] Route matched with "{action = \"Grid\", controller = \"House\", page = \"\", area = \"\"}". Executing controller action with signature "System.Threading.Tasks.Task`1[Microsoft.AspNetCore.Mvc.IActionResult] Grid()" on controller "Group_Project_1.Controllers.HouseController" ("Group-Project-1").
2024-01-13 16:08:42.050 +01:00 [Information] Executing ViewResult, running view "Grid".
2024-01-13 16:08:42.069 +01:00 [Information] Executed ViewResult - view "Grid" executed in 18.8105ms.
2024-01-13 16:08:42.069 +01:00 [Information] Executed action "Group_Project_1.Controllers.HouseController.Grid (Group-Project-1)" in 33.0514ms
2024-01-13 16:08:42.069 +01:00 [Information] Executed endpoint '"Group_Project_1.Controllers.HouseController.Grid (Group-Project-1)"'
2024-01-13 16:08:42.069 +01:00 [Information] Request finished HTTP/1.1 GET https://localhost:7193/House/Grid - - - 200 - text/html;+charset=utf-8 39.8251ms
2024-01-13 16:08:42.111 +01:00 [Information] Request starting HTTP/1.1 GET https://localhost:7193/css/site.css - -
2024-01-13 16:08:42.111 +01:00 [Information] Request finished HTTP/1.1 GET https://localhost:7193/css/site.css - - - 404 0 - 0.4463ms
2024-01-13 16:09:07.396 +01:00 [Information] Request starting HTTP/1.1 GET https://localhost:7193/House/Grid - -
2024-01-13 16:09:07.400 +01:00 [Information] Executing endpoint '"Group_Project_1.Controllers.HouseController.Grid (Group-Project-1)"'
2024-01-13 16:09:07.401 +01:00 [Information] Route matched with "{action = \"Grid\", controller = \"House\", page = \"\", area = \"\"}". Executing controller action with signature "System.Threading.Tasks.Task`1[Microsoft.AspNetCore.Mvc.IActionResult] Grid()" on controller "Group_Project_1.Controllers.HouseController" ("Group-Project-1").
2024-01-13 16:09:07.411 +01:00 [Information] Executing ViewResult, running view "Grid".
2024-01-13 16:09:07.428 +01:00 [Information] Executed ViewResult - view "Grid" executed in 16.55ms.
2024-01-13 16:09:07.428 +01:00 [Information] Executed action "Group_Project_1.Controllers.HouseController.Grid (Group-Project-1)" in 26.7168ms
2024-01-13 16:09:07.428 +01:00 [Information] Executed endpoint '"Group_Project_1.Controllers.HouseController.Grid (Group-Project-1)"'
2024-01-13 16:09:07.428 +01:00 [Information] Request finished HTTP/1.1 GET https://localhost:7193/House/Grid - - - 200 - text/html;+charset=utf-8 84.0720ms
2024-01-13 16:09:07.480 +01:00 [Information] Request starting HTTP/1.1 GET https://localhost:7193/css/site.css - -
2024-01-13 16:09:07.480 +01:00 [Information] Request finished HTTP/1.1 GET https://localhost:7193/css/site.css - - - 404 0 - 0.4995ms
2024-01-13 16:09:13.419 +01:00 [Information] Request starting HTTP/1.1 GET https://localhost:7193/House/Grid - -
2024-01-13 16:09:13.420 +01:00 [Information] Executing endpoint '"Group_Project_1.Controllers.HouseController.Grid (Group-Project-1)"'
2024-01-13 16:09:13.420 +01:00 [Information] Route matched with "{action = \"Grid\", controller = \"House\", page = \"\", area = \"\"}". Executing controller action with signature "System.Threading.Tasks.Task`1[Microsoft.AspNetCore.Mvc.IActionResult] Grid()" on controller "Group_Project_1.Controllers.HouseController" ("Group-Project-1").
2024-01-13 16:09:13.436 +01:00 [Information] Executing ViewResult, running view "Grid".
2024-01-13 16:09:13.453 +01:00 [Information] Executed ViewResult - view "Grid" executed in 18.6924ms.
2024-01-13 16:09:13.453 +01:00 [Information] Executed action "Group_Project_1.Controllers.HouseController.Grid (Group-Project-1)" in 33.1099ms
2024-01-13 16:09:13.453 +01:00 [Information] Executed endpoint '"Group_Project_1.Controllers.HouseController.Grid (Group-Project-1)"'
2024-01-13 16:09:13.454 +01:00 [Information] Request finished HTTP/1.1 GET https://localhost:7193/House/Grid - - - 200 - text/html;+charset=utf-8 35.1395ms
2024-01-13 16:09:13.482 +01:00 [Information] Request starting HTTP/1.1 GET https://localhost:7193/css/site.css - -
2024-01-13 16:09:13.484 +01:00 [Information] Request finished HTTP/1.1 GET https://localhost:7193/css/site.css - - - 404 0 - 0.4727ms
2024-01-13 16:09:27.284 +01:00 [Information] Request starting HTTP/1.1 GET https://localhost:7193/House/Grid - -
2024-01-13 16:09:27.287 +01:00 [Information] Executing endpoint '"Group_Project_1.Controllers.HouseController.Grid (Group-Project-1)"'
2024-01-13 16:09:27.288 +01:00 [Information] Route matched with "{action = \"Grid\", controller = \"House\", page = \"\", area = \"\"}". Executing controller action with signature "System.Threading.Tasks.Task`1[Microsoft.AspNetCore.Mvc.IActionResult] Grid()" on controller "Group_Project_1.Controllers.HouseController" ("Group-Project-1").
2024-01-13 16:09:27.299 +01:00 [Information] Executing ViewResult, running view "Grid".
2024-01-13 16:09:27.311 +01:00 [Information] Executed ViewResult - view "Grid" executed in 12.4743ms.
2024-01-13 16:09:27.311 +01:00 [Information] Executed action "Group_Project_1.Controllers.HouseController.Grid (Group-Project-1)" in 23.5346ms
2024-01-13 16:09:27.311 +01:00 [Information] Executed endpoint '"Group_Project_1.Controllers.HouseController.Grid (Group-Project-1)"'
2024-01-13 16:09:27.311 +01:00 [Information] Request finished HTTP/1.1 GET https://localhost:7193/House/Grid - - - 200 - text/html;+charset=utf-8 27.5827ms
2024-01-13 16:09:27.347 +01:00 [Information] Request starting HTTP/1.1 GET https://localhost:7193/css/site.css - -
2024-01-13 16:09:27.348 +01:00 [Information] Request finished HTTP/1.1 GET https://localhost:7193/css/site.css - - - 404 0 - 0.7137ms
2024-01-13 16:09:29.152 +01:00 [Information] Request starting HTTP/1.1 GET https://localhost:7193/ - -
2024-01-13 16:09:29.152 +01:00 [Information] Executing endpoint '"Group_Project_1.Controllers.HomeController.Index (Group-Project-1)"'
2024-01-13 16:09:29.152 +01:00 [Information] Route matched with "{action = \"Index\", controller = \"Home\", page = \"\", area = \"\"}". Executing controller action with signature "Microsoft.AspNetCore.Mvc.IActionResult Index()" on controller "Group_Project_1.Controllers.HomeController" ("Group-Project-1").
2024-01-13 16:09:29.153 +01:00 [Information] Executing ViewResult, running view "Index".
2024-01-13 16:09:29.155 +01:00 [Information] Executed ViewResult - view "Index" executed in 1.8272ms.
2024-01-13 16:09:29.155 +01:00 [Information] Executed action "Group_Project_1.Controllers.HomeController.Index (Group-Project-1)" in 2.4557ms
2024-01-13 16:09:29.155 +01:00 [Information] Executed endpoint '"Group_Project_1.Controllers.HomeController.Index (Group-Project-1)"'
2024-01-13 16:09:29.155 +01:00 [Information] Request finished HTTP/1.1 GET https://localhost:7193/ - - - 200 - text/html;+charset=utf-8 3.4746ms
2024-01-13 16:09:29.185 +01:00 [Information] Request starting HTTP/1.1 GET https://localhost:7193/css/site.css - -
2024-01-13 16:09:29.186 +01:00 [Information] Request finished HTTP/1.1 GET https://localhost:7193/css/site.css - - - 404 0 - 1.4901ms
2024-01-13 16:09:30.929 +01:00 [Information] Request starting HTTP/1.1 GET https://localhost:7193/House/Grid - -
2024-01-13 16:09:30.930 +01:00 [Information] Executing endpoint '"Group_Project_1.Controllers.HouseController.Grid (Group-Project-1)"'
2024-01-13 16:09:30.930 +01:00 [Information] Route matched with "{action = \"Grid\", controller = \"House\", page = \"\", area = \"\"}". Executing controller action with signature "System.Threading.Tasks.Task`1[Microsoft.AspNetCore.Mvc.IActionResult] Grid()" on controller "Group_Project_1.Controllers.HouseController" ("Group-Project-1").
2024-01-13 16:09:30.933 +01:00 [Information] Executing ViewResult, running view "Grid".
2024-01-13 16:09:31.000 +01:00 [Information] Executed ViewResult - view "Grid" executed in 67.3914ms.
2024-01-13 16:09:31.001 +01:00 [Information] Executed action "Group_Project_1.Controllers.HouseController.Grid (Group-Project-1)" in 70.7502ms
2024-01-13 16:09:31.001 +01:00 [Information] Executed endpoint '"Group_Project_1.Controllers.HouseController.Grid (Group-Project-1)"'
2024-01-13 16:09:31.001 +01:00 [Information] Request finished HTTP/1.1 GET https://localhost:7193/House/Grid - - - 200 - text/html;+charset=utf-8 71.4996ms
2024-01-13 16:09:31.007 +01:00 [Information] Request starting HTTP/1.1 GET https://localhost:7193/css/site.css - -
2024-01-13 16:09:31.008 +01:00 [Information] Request finished HTTP/1.1 GET https://localhost:7193/css/site.css - - - 404 0 - 0.4452ms
2024-01-13 16:10:05.832 +01:00 [Information] Request starting HTTP/1.1 GET https://localhost:7193/House/Grid - -
2024-01-13 16:10:05.861 +01:00 [Information] Executing endpoint '"Group_Project_1.Controllers.HouseController.Grid (Group-Project-1)"'
2024-01-13 16:10:05.864 +01:00 [Information] Route matched with "{action = \"Grid\", controller = \"House\", page = \"\", area = \"\"}". Executing controller action with signature "System.Threading.Tasks.Task`1[Microsoft.AspNetCore.Mvc.IActionResult] Grid()" on controller "Group_Project_1.Controllers.HouseController" ("Group-Project-1").
2024-01-13 16:10:05.887 +01:00 [Information] Executing ViewResult, running view "Grid".
2024-01-13 16:10:05.898 +01:00 [Information] Executed ViewResult - view "Grid" executed in 10.8629ms.
2024-01-13 16:10:05.898 +01:00 [Information] Executed action "Group_Project_1.Controllers.HouseController.Grid (Group-Project-1)" in 32.998ms
2024-01-13 16:10:05.898 +01:00 [Information] Executed endpoint '"Group_Project_1.Controllers.HouseController.Grid (Group-Project-1)"'
2024-01-13 16:10:05.898 +01:00 [Information] Request finished HTTP/1.1 GET https://localhost:7193/House/Grid - - - 200 - text/html;+charset=utf-8 66.3263ms
2024-01-13 16:10:05.935 +01:00 [Information] Request starting HTTP/1.1 GET https://localhost:7193/css/site.css - -
2024-01-13 16:10:05.936 +01:00 [Information] Request finished HTTP/1.1 GET https://localhost:7193/css/site.css - - - 404 0 - 0.6354ms
2024-01-13 16:10:26.560 +01:00 [Information] Request starting HTTP/1.1 GET https://localhost:7193/House/Grid - -
2024-01-13 16:10:26.569 +01:00 [Information] Executing endpoint '"Group_Project_1.Controllers.HouseController.Grid (Group-Project-1)"'
2024-01-13 16:10:26.571 +01:00 [Information] Route matched with "{action = \"Grid\", controller = \"House\", page = \"\", area = \"\"}". Executing controller action with signature "System.Threading.Tasks.Task`1[Microsoft.AspNetCore.Mvc.IActionResult] Grid()" on controller "Group_Project_1.Controllers.HouseController" ("Group-Project-1").
2024-01-13 16:10:26.587 +01:00 [Information] Executing ViewResult, running view "Grid".
2024-01-13 16:10:26.595 +01:00 [Information] Executed ViewResult - view "Grid" executed in 7.9074ms.
2024-01-13 16:10:26.595 +01:00 [Information] Executed action "Group_Project_1.Controllers.HouseController.Grid (Group-Project-1)" in 24.0863ms
2024-01-13 16:10:26.595 +01:00 [Information] Executed endpoint '"Group_Project_1.Controllers.HouseController.Grid (Group-Project-1)"'
2024-01-13 16:10:26.595 +01:00 [Information] Request finished HTTP/1.1 GET https://localhost:7193/House/Grid - - - 200 - text/html;+charset=utf-8 35.4325ms
2024-01-13 16:10:26.619 +01:00 [Information] Request starting HTTP/1.1 GET https://localhost:7193/css/site.css - -
2024-01-13 16:10:26.620 +01:00 [Information] Request finished HTTP/1.1 GET https://localhost:7193/css/site.css - - - 404 0 - 0.5143ms
2024-01-13 16:11:31.830 +01:00 [Information] Request starting HTTP/1.1 GET https://localhost:7193/House/Grid - -
2024-01-13 16:11:31.832 +01:00 [Information] Executing endpoint '"Group_Project_1.Controllers.HouseController.Grid (Group-Project-1)"'
2024-01-13 16:11:31.833 +01:00 [Information] Route matched with "{action = \"Grid\", controller = \"House\", page = \"\", area = \"\"}". Executing controller action with signature "System.Threading.Tasks.Task`1[Microsoft.AspNetCore.Mvc.IActionResult] Grid()" on controller "Group_Project_1.Controllers.HouseController" ("Group-Project-1").
2024-01-13 16:11:31.839 +01:00 [Information] Executing ViewResult, running view "Grid".
2024-01-13 16:11:31.846 +01:00 [Information] Executed ViewResult - view "Grid" executed in 7.6817ms.
2024-01-13 16:11:31.846 +01:00 [Information] Executed action "Group_Project_1.Controllers.HouseController.Grid (Group-Project-1)" in 13.3159ms
2024-01-13 16:11:31.846 +01:00 [Information] Executed endpoint '"Group_Project_1.Controllers.HouseController.Grid (Group-Project-1)"'
2024-01-13 16:11:31.846 +01:00 [Information] Request finished HTTP/1.1 GET https://localhost:7193/House/Grid - - - 200 - text/html;+charset=utf-8 16.3588ms
2024-01-13 16:11:31.917 +01:00 [Information] Request starting HTTP/1.1 GET https://localhost:7193/css/site.css - -
2024-01-13 16:11:31.918 +01:00 [Information] Request finished HTTP/1.1 GET https://localhost:7193/css/site.css - - - 404 0 - 1.1015ms
2024-01-13 16:11:33.089 +01:00 [Information] Request starting HTTP/1.1 GET https://localhost:7193/ - -
2024-01-13 16:11:33.090 +01:00 [Information] Executing endpoint '"Group_Project_1.Controllers.HomeController.Index (Group-Project-1)"'
2024-01-13 16:11:33.090 +01:00 [Information] Route matched with "{action = \"Index\", controller = \"Home\", page = \"\", area = \"\"}". Executing controller action with signature "Microsoft.AspNetCore.Mvc.IActionResult Index()" on controller "Group_Project_1.Controllers.HomeController" ("Group-Project-1").
2024-01-13 16:11:33.090 +01:00 [Information] Executing ViewResult, running view "Index".
2024-01-13 16:11:33.091 +01:00 [Information] Executed ViewResult - view "Index" executed in 0.8757ms.
2024-01-13 16:11:33.091 +01:00 [Information] Executed action "Group_Project_1.Controllers.HomeController.Index (Group-Project-1)" in 1.08ms
2024-01-13 16:11:33.091 +01:00 [Information] Executed endpoint '"Group_Project_1.Controllers.HomeController.Index (Group-Project-1)"'
2024-01-13 16:11:33.091 +01:00 [Information] Request finished HTTP/1.1 GET https://localhost:7193/ - - - 200 - text/html;+charset=utf-8 2.2141ms
2024-01-13 16:11:33.093 +01:00 [Information] Request starting HTTP/1.1 GET https://localhost:7193/css/site.css - -
2024-01-13 16:11:33.094 +01:00 [Information] Request finished HTTP/1.1 GET https://localhost:7193/css/site.css - - - 404 0 - 0.5337ms
2024-01-13 16:11:34.957 +01:00 [Information] Request starting HTTP/1.1 GET https://localhost:7193/House/Grid - -
2024-01-13 16:11:34.958 +01:00 [Information] Executing endpoint '"Group_Project_1.Controllers.HouseController.Grid (Group-Project-1)"'
2024-01-13 16:11:34.959 +01:00 [Information] Route matched with "{action = \"Grid\", controller = \"House\", page = \"\", area = \"\"}". Executing controller action with signature "System.Threading.Tasks.Task`1[Microsoft.AspNetCore.Mvc.IActionResult] Grid()" on controller "Group_Project_1.Controllers.HouseController" ("Group-Project-1").
2024-01-13 16:11:34.965 +01:00 [Information] Executing ViewResult, running view "Grid".
2024-01-13 16:11:34.978 +01:00 [Information] Executed ViewResult - view "Grid" executed in 13.4613ms.
2024-01-13 16:11:34.978 +01:00 [Information] Executed action "Group_Project_1.Controllers.HouseController.Grid (Group-Project-1)" in 19.3332ms
2024-01-13 16:11:34.978 +01:00 [Information] Executed endpoint '"Group_Project_1.Controllers.HouseController.Grid (Group-Project-1)"'
2024-01-13 16:11:34.978 +01:00 [Information] Request finished HTTP/1.1 GET https://localhost:7193/House/Grid - - - 200 - text/html;+charset=utf-8 21.0912ms
2024-01-13 16:11:35.109 +01:00 [Information] Request starting HTTP/1.1 GET https://localhost:7193/css/site.css - -
2024-01-13 16:11:35.110 +01:00 [Information] Request finished HTTP/1.1 GET https://localhost:7193/css/site.css - - - 404 0 - 1.9680ms
2024-01-13 16:13:12.639 +01:00 [Information] Request starting HTTP/1.1 GET https://localhost:7193/House/Grid - -
2024-01-13 16:13:12.646 +01:00 [Information] Executing endpoint '"Group_Project_1.Controllers.HouseController.Grid (Group-Project-1)"'
2024-01-13 16:13:12.648 +01:00 [Information] Route matched with "{action = \"Grid\", controller = \"House\", page = \"\", area = \"\"}". Executing controller action with signature "System.Threading.Tasks.Task`1[Microsoft.AspNetCore.Mvc.IActionResult] Grid()" on controller "Group_Project_1.Controllers.HouseController" ("Group-Project-1").
2024-01-13 16:13:12.661 +01:00 [Information] Executing ViewResult, running view "Grid".
2024-01-13 16:13:12.673 +01:00 [Information] Executed ViewResult - view "Grid" executed in 12.3831ms.
2024-01-13 16:13:12.673 +01:00 [Information] Executed action "Group_Project_1.Controllers.HouseController.Grid (Group-Project-1)" in 25.0237ms
2024-01-13 16:13:12.673 +01:00 [Information] Executed endpoint '"Group_Project_1.Controllers.HouseController.Grid (Group-Project-1)"'
2024-01-13 16:13:12.673 +01:00 [Information] Request finished HTTP/1.1 GET https://localhost:7193/House/Grid - - - 200 - text/html;+charset=utf-8 34.2041ms
2024-01-13 16:13:12.782 +01:00 [Information] Request starting HTTP/1.1 GET https://localhost:7193/css/site.css - -
2024-01-13 16:13:12.782 +01:00 [Information] Request finished HTTP/1.1 GET https://localhost:7193/css/site.css - - - 404 0 - 0.4515ms
2024-01-13 16:15:06.562 +01:00 [Information] Request starting HTTP/1.1 GET https://localhost:7193/House/Grid - -
2024-01-13 16:15:06.564 +01:00 [Information] Executing endpoint '"Group_Project_1.Controllers.HouseController.Grid (Group-Project-1)"'
2024-01-13 16:15:06.565 +01:00 [Information] Route matched with "{action = \"Grid\", controller = \"House\", page = \"\", area = \"\"}". Executing controller action with signature "System.Threading.Tasks.Task`1[Microsoft.AspNetCore.Mvc.IActionResult] Grid()" on controller "Group_Project_1.Controllers.HouseController" ("Group-Project-1").
2024-01-13 16:15:06.571 +01:00 [Information] Executing ViewResult, running view "Grid".
2024-01-13 16:15:06.580 +01:00 [Information] Executed ViewResult - view "Grid" executed in 9.4187ms.
2024-01-13 16:15:06.580 +01:00 [Information] Executed action "Group_Project_1.Controllers.HouseController.Grid (Group-Project-1)" in 15.1272ms
2024-01-13 16:15:06.580 +01:00 [Information] Executed endpoint '"Group_Project_1.Controllers.HouseController.Grid (Group-Project-1)"'
2024-01-13 16:15:06.581 +01:00 [Information] Request finished HTTP/1.1 GET https://localhost:7193/House/Grid - - - 200 - text/html;+charset=utf-8 18.8107ms
2024-01-13 16:15:06.746 +01:00 [Information] Request starting HTTP/1.1 GET https://localhost:7193/css/site.css - -
2024-01-13 16:15:06.746 +01:00 [Information] Request finished HTTP/1.1 GET https://localhost:7193/css/site.css - - - 404 0 - 0.4619ms
