2024-01-13 16:15:14.854 +01:00 [Information] User profile is available. Using '"/Users/teresapham/.aspnet/DataProtection-Keys"' as key repository; keys will not be encrypted at rest.
2024-01-13 16:15:15.855 +01:00 [Information] Now listening on: "https://localhost:7193"
2024-01-13 16:15:15.857 +01:00 [Information] Now listening on: "http://localhost:5135"
2024-01-13 16:15:15.862 +01:00 [Information] Application started. Press Ctrl+C to shut down.
2024-01-13 16:15:15.863 +01:00 [Information] Hosting environment: "Development"
2024-01-13 16:15:15.863 +01:00 [Information] Content root path: "/Users/teresapham/Library/CloudStorage/OneDrive-OsloMet/5. semester/ITPE3200/GroupProject/Group-Project-1/Group-Project-1"
2024-01-13 16:15:17.439 +01:00 [Information] Request starting HTTP/1.1 GET https://localhost:7193/ - -
2024-01-13 16:15:17.466 +01:00 [Information] Executing endpoint '"Group_Project_1.Controllers.HomeController.Index (Group-Project-1)"'
2024-01-13 16:15:17.475 +01:00 [Information] Route matched with "{action = \"Index\", controller = \"Home\", page = \"\", area = \"\"}". Executing controller action with signature "Microsoft.AspNetCore.Mvc.IActionResult Index()" on controller "Group_Project_1.Controllers.HomeController" ("Group-Project-1").
2024-01-13 16:15:17.481 +01:00 [Information] Executing ViewResult, running view "Index".
2024-01-13 16:15:17.527 +01:00 [Information] Executed ViewResult - view "Index" executed in 47.8549ms.
2024-01-13 16:15:17.527 +01:00 [Information] Executed action "Group_Project_1.Controllers.HomeController.Index (Group-Project-1)" in 52.1208ms
2024-01-13 16:15:17.527 +01:00 [Information] Executed endpoint '"Group_Project_1.Controllers.HomeController.Index (Group-Project-1)"'
2024-01-13 16:15:17.529 +01:00 [Information] Request finished HTTP/1.1 GET https://localhost:7193/ - - - 200 - text/html;+charset=utf-8 91.2039ms
2024-01-13 16:15:17.629 +01:00 [Information] Request starting HTTP/1.1 GET https://localhost:7193/css/site.css - -
2024-01-13 16:15:17.632 +01:00 [Information] Request finished HTTP/1.1 GET https://localhost:7193/css/site.css - - - 404 0 - 2.6208ms
2024-01-13 16:15:19.762 +01:00 [Information] Request starting HTTP/1.1 GET https://localhost:7193/House/Grid - -
2024-01-13 16:15:19.775 +01:00 [Information] Executing endpoint '"Group_Project_1.Controllers.HouseController.Grid (Group-Project-1)"'
2024-01-13 16:15:19.785 +01:00 [Information] Route matched with "{action = \"Grid\", controller = \"House\", page = \"\", area = \"\"}". Executing controller action with signature "System.Threading.Tasks.Task`1[Microsoft.AspNetCore.Mvc.IActionResult] Grid()" on controller "Group_Project_1.Controllers.HouseController" ("Group-Project-1").
2024-01-13 16:15:19.892 +01:00 [Information] Executing ViewResult, running view "Grid".
2024-01-13 16:15:19.984 +01:00 [Information] Executed ViewResult - view "Grid" executed in 92.336ms.
2024-01-13 16:15:19.984 +01:00 [Information] Executed action "Group_Project_1.Controllers.HouseController.Grid (Group-Project-1)" in 198.906ms
2024-01-13 16:15:19.984 +01:00 [Information] Executed endpoint '"Group_Project_1.Controllers.HouseController.Grid (Group-Project-1)"'
2024-01-13 16:15:19.985 +01:00 [Information] Request finished HTTP/1.1 GET https://localhost:7193/House/Grid - - - 200 - text/html;+charset=utf-8 224.2856ms
2024-01-13 16:15:19.989 +01:00 [Information] Request starting HTTP/1.1 GET https://localhost:7193/css/site.css - -
2024-01-13 16:15:19.989 +01:00 [Information] Request finished HTTP/1.1 GET https://localhost:7193/css/site.css - - - 404 0 - 0.4610ms
2024-01-13 16:15:49.429 +01:00 [Information] Request starting HTTP/1.1 GET https://localhost:7193/House/Grid - -
2024-01-13 16:15:49.435 +01:00 [Information] Executing endpoint '"Group_Project_1.Controllers.HouseController.Grid (Group-Project-1)"'
2024-01-13 16:15:49.436 +01:00 [Information] Route matched with "{action = \"Grid\", controller = \"House\", page = \"\", area = \"\"}". Executing controller action with signature "System.Threading.Tasks.Task`1[Microsoft.AspNetCore.Mvc.IActionResult] Grid()" on controller "Group_Project_1.Controllers.HouseController" ("Group-Project-1").
2024-01-13 16:15:49.472 +01:00 [Information] Executing ViewResult, running view "Grid".
2024-01-13 16:15:49.488 +01:00 [Information] Executed ViewResult - view "Grid" executed in 17.0699ms.
2024-01-13 16:15:49.489 +01:00 [Information] Executed action "Group_Project_1.Controllers.HouseController.Grid (Group-Project-1)" in 52.3135ms
2024-01-13 16:15:49.489 +01:00 [Information] Executed endpoint '"Group_Project_1.Controllers.HouseController.Grid (Group-Project-1)"'
2024-01-13 16:15:49.489 +01:00 [Information] Request finished HTTP/1.1 GET https://localhost:7193/House/Grid - - - 200 - text/html;+charset=utf-8 60.9642ms
2024-01-13 16:15:55.487 +01:00 [Information] Request starting HTTP/1.1 GET https://localhost:7193/Reservation/Table - -
2024-01-13 16:15:55.528 +01:00 [Information] Authorization failed. "These requirements were not met:
DenyAnonymousAuthorizationRequirement: Requires an authenticated user."
2024-01-13 16:15:55.538 +01:00 [Information] AuthenticationScheme: "Identity.Application" was challenged.
2024-01-13 16:15:55.538 +01:00 [Information] Request finished HTTP/1.1 GET https://localhost:7193/Reservation/Table - - - 302 0 - 51.5898ms
2024-01-13 16:15:55.554 +01:00 [Information] Request starting HTTP/1.1 GET https://localhost:7193/Identity/Account/Login?ReturnUrl=%2FReservation%2FTable - -
2024-01-13 16:15:55.583 +01:00 [Information] Executing endpoint '"/Account/Login"'
2024-01-13 16:15:55.619 +01:00 [Information] Route matched with "{page = \"/Account/Login\", area = \"Identity\", action = \"\", controller = \"\"}". Executing page "/Account/Login"
2024-01-13 16:15:55.637 +01:00 [Information] Executing handler method "Group_Project_1.Areas.Identity.Pages.Account.LoginModel.OnGetAsync" - ModelState is Valid
2024-01-13 16:15:55.641 +01:00 [Information] AuthenticationScheme: "Identity.External" signed out.
2024-01-13 16:15:55.641 +01:00 [Information] Executed handler method "OnGetAsync", returned result "".
2024-01-13 16:15:55.643 +01:00 [Information] Executing an implicit handler method - ModelState is Valid
2024-01-13 16:15:55.643 +01:00 [Information] Executed an implicit handler method, returned result "Microsoft.AspNetCore.Mvc.RazorPages.PageResult".
2024-01-13 16:15:55.672 +01:00 [Information] Executed page "/Account/Login" in 52.9628ms
2024-01-13 16:15:55.672 +01:00 [Information] Executed endpoint '"/Account/Login"'
2024-01-13 16:15:55.672 +01:00 [Information] Request finished HTTP/1.1 GET https://localhost:7193/Identity/Account/Login?ReturnUrl=%2FReservation%2FTable - - - 200 - text/html;+charset=utf-8 118.6750ms
2024-01-13 16:15:57.316 +01:00 [Information] Request starting HTTP/1.1 GET https://localhost:7193/ - -
2024-01-13 16:15:57.317 +01:00 [Information] Executing endpoint '"Group_Project_1.Controllers.HomeController.Index (Group-Project-1)"'
2024-01-13 16:15:57.317 +01:00 [Information] Route matched with "{action = \"Index\", controller = \"Home\", page = \"\", area = \"\"}". Executing controller action with signature "Microsoft.AspNetCore.Mvc.IActionResult Index()" on controller "Group_Project_1.Controllers.HomeController" ("Group-Project-1").
2024-01-13 16:15:57.317 +01:00 [Information] Executing ViewResult, running view "Index".
2024-01-13 16:15:57.319 +01:00 [Information] Executed ViewResult - view "Index" executed in 1.5914ms.
2024-01-13 16:15:57.319 +01:00 [Information] Executed action "Group_Project_1.Controllers.HomeController.Index (Group-Project-1)" in 1.9487ms
2024-01-13 16:15:57.319 +01:00 [Information] Executed endpoint '"Group_Project_1.Controllers.HomeController.Index (Group-Project-1)"'
2024-01-13 16:15:57.319 +01:00 [Information] Request finished HTTP/1.1 GET https://localhost:7193/ - - - 200 - text/html;+charset=utf-8 3.4405ms
